<?xml version="1.0" encoding="UTF-8"?>
<!-- Generated by org.testng.reporters.JUnitReportReporter -->
<testsuite hostname="YY160371" failures="0" tests="3" name="RestApi.Demo.Mainmethods" time="6.012" errors="0" timestamp="2020-07-17T16:13:56 IST" skipped="0">
  <testcase classname="RestApi.Demo.Mainmethods" name="LibraryPOST" time="5.433"/>
  <system-out/>
  <testcase classname="RestApi.Demo.Mainmethods" name="LibraryGET" time="0.342"/>
  <system-out/>
  <testcase classname="RestApi.Demo.Mainmethods" name="LibraryDelete" time="0.237"/>
  <system-out/>
</testsuite> <!-- RestApi.Demo.Mainmethods -->
