<?xml version="1.0" encoding="UTF-8"?>
<!-- Generated by org.testng.reporters.JUnitReportReporter -->
<testsuite hostname="YY160371" failures="0" tests="2" name="libraryService.LibraryTest" time="5.864" errors="0" timestamp="2020-07-20T15:18:41 IST" skipped="0">
  <testcase classname="libraryService.LibraryTest" name="LibraryPOST" time="5.583"/>
  <system-out/>
  <testcase classname="libraryService.LibraryTest" name="LibraryDelete" time="0.281"/>
  <system-out/>
</testsuite> <!-- libraryService.LibraryTest -->
