<?xml version="1.0" encoding="UTF-8"?>
<!-- Generated by org.testng.reporters.JUnitReportReporter -->
<testsuite hostname="YY160371" failures="0" tests="3" name="libraryService.LibraryTest" time="5.093" errors="0" timestamp="2020-07-27T11:25:18 IST" skipped="0">
  <testcase classname="libraryService.LibraryTest" name="LibraryPOST" time="4.492"/>
  <system-out/>
  <testcase classname="libraryService.LibraryTest" name="LibraryGET" time="0.382"/>
  <system-out/>
  <testcase classname="libraryService.LibraryTest" name="LibraryDelete" time="0.219"/>
  <system-out/>
</testsuite> <!-- libraryService.LibraryTest -->
