<?xml version="1.0" encoding="UTF-8"?>
<!-- Generated by org.testng.reporters.JUnitReportReporter -->
<testsuite hostname="YY160371" failures="0" tests="2" name="libraryService.LibraryTest" time="4.986" errors="0" timestamp="2020-07-24T16:02:09 IST" skipped="0">
  <testcase classname="libraryService.LibraryTest" name="LibraryPOST" time="4.730"/>
  <system-out/>
  <testcase classname="libraryService.LibraryTest" name="LibraryDelete" time="0.256"/>
  <system-out/>
</testsuite> <!-- libraryService.LibraryTest -->
