<?xml version="1.0" encoding="UTF-8"?>
<!-- Generated by org.testng.reporters.JUnitReportReporter -->
<testsuite hostname="YY160371" failures="0" tests="3" name="libraryService.LibraryTest" time="7.256" errors="0" timestamp="2020-07-24T12:40:59 IST" skipped="0">
  <testcase classname="libraryService.LibraryTest" name="LibraryPOST" time="5.661"/>
  <system-out/>
  <testcase classname="libraryService.LibraryTest" name="LibraryGET" time="0.298"/>
  <system-out/>
  <testcase classname="libraryService.LibraryTest" name="LibraryDelete" time="1.297"/>
  <system-out/>
</testsuite> <!-- libraryService.LibraryTest -->
